1733375223548	geckodriver	INFO	Listening on 127.0.0.1:53792
1733375226640	mozrunner::runner	INFO	Running command: "C:\\Program Files\\Mozilla Firefox\\firefox.exe" "--marionette" "--remote-debugging-port" "53793" "--remote-allow-hosts" "localhost" "-no-remote" "-profile" "C:\\Users\\ADMINI~1\\AppData\\Local\\Temp\\rust_mozprofilelz5FHt"
console.warn: services.settings: Ignoring preference override of remote settings server
console.warn: services.settings: Allow by setting MOZ_REMOTE_SETTINGS_DEVTOOLS=1 in the environment
Dynamically enable window occlusion 0
1733375227182	Marionette	INFO	Marionette enabled
1733375227411	Marionette	INFO	Listening on port 53800
WebDriver BiDi listening on ws://127.0.0.1:53793
Read port: 53800
1733375227679	RemoteAgent	WARN	TLS certificate errors will be ignored for this session
1733375235149	Marionette	WARN	Ignoring event 'DOMContentLoad1733375235820	mozrunner::runner	INFO	Running command: "C:\\Program Files\\Mozilla Firefox\\firefox.exe" "--marionette" "--remote-debugging-port" "53844" "--remote-allow-hosts" "localhosJavaScript warning: https://dqpnq362acqdi.cloudfront.net/_next/static/chunks/framework-a3e0a528d633d461.js, line 33: Script terminated by timeout at:
9670/t.unstable_now@https://dqpnq362acqdi.cloudfront.net/_next/static/chunks/framework-a3e0a528d633d461.js:33:628
R@https://dqpnq362acqdi.cloudfront.net/_next/static/chunks/framework-a3e0a528d633d461.js:33:1860

1733375253742	Marionette	INFO	Stopped listening on port 53800
Dynamically enable window occlusion 1
.1:53844
Read port: 53856
1733375236761	RemoteAgent	WARN	TLS certificate errors will be ignored for this session
1733375245387	Marionette	WARN	Ignoring event 'DOMContentLoaded' because document has an invalid readyState of 'loading'.
1733375245398	Marionette	WARN	Ignoring event 'DOMContentLoaded' because document has an invalid readyState of 'complete'.
JavaScript warning: https://dqpnq362acqdi.cloudfront.net/_next/static/chunks/framework-a3e0a528d633d461.js, line 25: Script terminated by timeout at:
i@https://dqpnq362acqdi.cloudfront.net/_next/static/chunks/framework-a3e0a528d633d461.js:25:118304
uI@https://dqpnq362acqdi.cloudfront.net/_next/static/chunks/framework-a3e0a528d633d461.js:25:99021
52967/uM/<@https://dqpnq362acqdi.cloudfront.net/_next/static/chunks/framework-a3e0a528d633d461.js:25:98889
uM@https://dqpnq362acqdi.cloudfront.net/_next/static/chunks/framework-a3e0a528d633d461.js:25:98894
uS@https://dqpnq362acqdi.cloudfront.net/_next/static/chunks/framework-a3e0a528d633d461.js:25:93933
x@https://dqpnq362acqdi.cloudfront.net/_next/static/chunks/framework-a3e0a528d633d461.js:33:1365
R@https://dqpnq362acqdi.cloudfront.net/_next/static/chunks/framework-a3e0a528d633d461.js:33:1894

1733375251991	Marionette	INFO	Stopped listening on port 53856
Dynamically enable window occlusion 1
1733375413637	geckodriver	INFO	Listening on 127.0.0.1:53993
1733375416718	mozrunner::runner	INFO	Running command: "C:\\Program Files\\Mozilla Firefox\\firefox.exe" "--marionette" "--remote-debugging-port" "53994" "--remote-allow-hosts" "localhost" "-no-remote" "-profile" "C:\\Users\\ADMINI~1\\AppData\\Local\\Temp\\rust_mozprofileuqBCgI"
console.warn: services.settings: Ignoring preference override of remote settings server
console.warn: services.settings: Allow by setting MOZ_REMOTE_SETTINGS_DEVTOOLS=1 in the environment
Dynamically enable window occlusion 0
1733375417212	Marionette	INFO	Marionette enabled
1733375417409	Marionette	INFO	Listening on port 54003
WebDriver BiDi listening on ws://127.0.0.1:53994
Read port: 54003
1733375417594	RemoteAgent	WARN	TLS certificate errors will be ignored for this session
1733375424796	Marionette	WARN	Ignoring event 'DOMContentLoaded' because document has an invalid readyState of 'loading'.
1733375424797	Marionette	WARN	Ignoring event 'DOMContentLoaded' because document has an invalid readyState of 'loading'.
1733375424797	Marionette	WARN	Ignoring event 'DOMContentLoaded' because document has an invalid readyState of 'loading'.
1733375424799	Marionette	WARN	Ignoring event 'DOMContentLoaded' because document has an invalid readyState of 'complete'.
JavaScript warning: https://dqpnq362acqdi.cloudfront.net/_next/static/chunks/pages/_app-e4e7452285a73f57.js, line 250: Script terminated by timeout at:
26911/e/this.formatHTMLMessage/B<@https://dqpnq362acqdi.cloudfront.net/_next/static/chunks/pages/_app-e4e7452285a73f57.js:250:37138
26911/e/this.formatHTMLMessage@https://dqpnq362acqdi.cloudfront.net/_next/static/chunks/pages/_app-e4e7452285a73f57.js:250:38310
d@https://dqpnq362acqdi.cloudfront.net/_next/static/chunks/pages/_app-e4e7452285a73f57.js:258:3512
a@https://dqpnq362acqdi.cloudfront.net/_next/static/chunks/pages/_ap1733375453688	Marionette	INFO	Stopped listening on port 54054
JavaScript warning: https://dqpnq362acqdi.cloudfront.net/_next/static/chunks/framework-a3e0a528d633d461.js, line 49: Script terminated by timeout at:
C@https://dqpnq362acqdi.cloudfront.net/_next/static/chunks/framework-a3e0a528d633d461.js:49:1408
31520/t.ReactionCore@https://dqpnq362acqdi.cloudfront.net/_next/static/chunks/1361-2cfe9881ba94cba7.js:1:20422
ld@https://dqpnq362acqdi.cloudfront.net/_next/static/chunks/framework-a3e0a528d633d461.js:25:58402
od@https://dqpnq362acqdi.cloudfront.net/_next/static/chunks/framework-a3e0a528d633d461.js:25:72732
i@https://dqpnq362acqdi.cloudfront.net/_next/static/chunks/framework-a3e0a528d633d461.js:25:120264
uI@https://dqpnq362acqdi.cloudfront.net/_next/static/chunks/framework-a3e0a528d633d461.js:25:99021
52967/uM/<@https://dqpnq362acqdi.cloudfront.net/_next/static/chunks/framework-a3e0a528d633d461.js:25:98889
uM@https://dqpnq362acqdi.cloudfront.net/_next/static/chunks/framework-a3e0a528d633d461.js:25:98894
uS@https://dqpnq362acqdi.cloudfront.net/_next/static/chunks/framework-a3e0a528d633d461.js:25:93933
x@https://dqpnq362acqdi.cloudfront.net/_next/static/chunks/framework-a3e0a528d633d461.js:33:1365
R@https://dqpnq362acqdi.cloudfront.net/_next/static/chunks/framework-a3e0a528d633d461.js:33:1894

Dynamically enable window occlusion 1
console.warn: services.settings: main/query-stripping sync interrupted by shutdown
console.warn: services.settings: main/partitioning-exempt-urls sync interrupted by shutdown
console.warn: services.settings: main/search-config-overrides-v2 sync interrupted by shutdown
console.warn: services.settings: main/fingerprinting-protection-overrides sync interrupted by shutdown
console.warn: services.settings: main/top-sites sync interrupted by shutdown
console.warn: services.settings: main/translations-models sync interrupted by shutdown
console.warn: services.settings: main/search-config-v2 sync interrupted by shutdown
console.error: (new Error("IndexedDB: main/devtools-compatibility-browsers getLastModified() IndexedDB:  execute() The application is shutting down", "resource://services-settings/IDBHelpers.sys.mjs", 16))
1733376381229	geckodriver	INFO	Listening on 127.0.0.1:54429
1733376384289	mozrunner::runner	INFO	Running command: "C:\\Program Files\\Mozilla Firefox\\firefox.exe" "--marionette" "--remote-debugging-port" "54430" "--remote-allow-hosts" "localhost" "-no-remote" "-profile" "C:\\Users\\ADMINI~1\\AppData\\Local\\Temp\\rust_mozprofileInjvBZ"
console.warn: services.settings: Ignoring preference override of remote settings server
console.warn: services.settings: Allow by setting MOZ_REMOTE_SETTINGS_DEVTOOLS=1 in the environment
Dynamically enable window occlusion 0
1733376384738	Marionette	INFO	Marionette enabled
1733376384912	Marionette	INFO	Listening on port 54438
WebDriver BiDi listening on ws://127.0.0.1:54430
Read port: 54438
1733376385125	RemoteAgent	WARN	TLS certificate errors will be ignored for this session
1733376393212	Marionette	WARN	Ignoring event 'DOMContentLoaded' because document has an invalid readyState of 'loading'.
1733376393218	Marionette	WARN	Ignoring event 'DOMContentLoaded' because document has an invalid readyState of 'complete'.
JavaScript warning: https://dqpnq362acqdi.cloudfront.net/_next/static/chunks/71-4ff798f8cb860e02.js, line 34: Script terminated by timeout at:
r6@https://dqpnq362acqdi.cloudfront.net/_next/static/chunks/71-4ff798f8cb860e02.js:34:643
ld@https://dqpnq362acqdi.cloudfront.net/_next/static/chunks/framework-a3e0a528d633d461.js:25:58402
od@https://dqpnq362acqdi.cloudfront.net/_next/static/chunks/framework-a3e0a528d633d461.js:25:72732
i@https://dqpnq362acqdi.cloudfront.net/_next/static/chunks/framework-a3e0a528d633d461.js:25:120264
uI@https://dqpnq362acqdi.cloudfront.net/_next/st1733376399684	Marionette	WARN	Ignoring event 'DOMContentLoaded' because document has an invalid readyState of 'loading'.
1733376399684	Marionette	WARN	Ignoring event 'DOMContentLoaded' because document has an invalid readyState of 'loading'.
1733376399691	Marionette	WARN	Ignoring event 'DOMContentLoaded' because document has an invalid readyState of 'complete'.
Exiting due to channel error.
[GFX1-]: CompositorBridgeChild receives IPC close with reason=AbnormalShutdown
[GFX1-]: CompositorBridgeChild receives IPC close with reason=AbnormalShutdown
Exiting due to channel error.
[GFX1-]: CompositorBridgeChild receives IPC close with reason=AbnormalShutdown
[GFX1-]: CompositorBridgeChild receives IPC close with reason=AbnormalShutdown
Exiting due to channel error.
Exiting due to channel error.
1733377121297	geckodriver	INFO	Listening on 127.0.0.1:54727
1733377124380	mozrunner::runner	INFO	Running command: "C:\\Program Files\\Mozilla Firefox\\firefox.exe" "--marionette" "--remote-debugging-port" "54728" "--remote-allow-hosts" "localhost" "-no-remote" "-profile" "C:\\Users\\ADMINI~1\\AppData\\Local\\Temp\\rust_mozprofileqGmp2U"
console.warn: services.settings: Ignoring preference override of remote settings server
console.warn: services.settings: Allow by setting MOZ_REMOTE_SETTINGS_DEVTOOLS=1 in the environment
Dynamically enable window occlusion 0
1733377124858	Marionette	INFO	Marionette enabled
1733377125037	Marionette	INFO	Listening on port 54737
WebDriver BiDi listening on ws://127.0.0.1:54728
Read port: 54737
1733377125260	RemoteAgent	WARN	TLS certificate errors will be ignored for this session
1733377132740	Marionette	WARN	Ignoring event 'DOMContentLoaded' because document has an invalid readyState of 'loading'.
1733377132740	Marionette	WARN	Ignoring event 'DOMContentLoaded' because document has an invalid readyState of 'loading'.
1733377132740	Marionette	WARN	Ignoring event 'DOMContentLoaded' because document has an invalid readyState of 'loading'.
1733377132742	Marionette	WARN	Ignoring event 'DOMContentLoaded' because document has an invalid readyState of 'complete'.
Exiting due to channel error.
[GFX1-]: Compositor[GFX1-]: CompositorBridgeChildBridg receives IPC close with reason=eChild receives IPC close with reason=AbnormalShutAbnormalShutdown
down
Exiting due to channel error.
Exiting due to channel error.
1733377520864	geckodriver	INFO	Listening on 127.0.0.1:54944
1733377523934	mozrunner::runner	INFO	Running command: "C:\\Program Files\\Mozilla Firefox\\firefox.exe" "--marionette" "--remote-debugging-port" "54945" "--remote-allow-hosts" "localhost" "-no-remote" "-profile" "C:\\Users\\ADMINI~1\\AppData\\Local\\Temp\\rust_mozprofileoJFafT"
console.warn: services.settings: Ignoring preference override of remote settings server
console.warn: services.settings: Allow by setting MOZ_REMOTE_SETTINGS_DEVTOOLS=1 in the environment
Dynamically enable window occlusion 0
1733377524358	Marionette	INFO	Marionette enabled
1733377524543	Marionette	INFO	Listening on port 54956
WebDriver BiDi listening on ws://127.0.0.1:54945
Read port: 54956
1733377524743	RemoteAgent	WARN	TLS certificate errors will be ignored for this session
1733377532294	Marionette	WARN	Ignoring event 'DOMContentLoaded' because document has an invalid readyState of 'loading'.
1733377532294	Marionette	WARN	Ignoring event 'DOMContentLoaded' because document has an invalid readyState of 'loading'.
1733377532299	Marionette	WARN	Ignoring event 'DOMContentLoaded' because document has an invalid readyState of 'loading'.
1733377532301	Marionette	WARN	Ignoring event 'DOMContentLoaded' because document has an invalid readyState of 'complete'.
1733377556040	Marionette	INFO	Stopped listening on port 54956
JavaScript warning: https://dqpnq362acqdi.cloudfront.net/_next/static/chunks/framework-a3e0a528d633d461.js, line 25: Script terminated by timeout at:
a1@https://dqpnq362acqdi.cloudfront.net/_next/static/chunks/framework-a3e0a528d633d461.js:25:57003
o@https://dqpnq362acqdi.cloudfront.net/_next/static/chunks/framework-a3e0a528d633d461.js:25:82073
52967/uD/n<@https://dqpnq362acqdi.cloudfront.net/_next/static/chunks/framework-a3e0a528d633d461.js:25:99761
uD@https://dqpnq362acqdi.cloudfront.net/_next/static/chunks/framework-a3e0a528d633d461.js:25:106132
uI@https://dqpnq362acqdi.cloudfront.net/_next/static/chunks/framework-a3e0a528d633d461.js:25:99080
52967/uM/<@https://dqpnq362acqdi.cloudfront.net/_next/static/chunks/framework-a3e0a528d633d461.js:25:98889
uM@https://dqpnq362acqdi.cloudfront.net/_next/static/chunks/framework-a3e0a528d633d461.js:25:98894
uS@https://dqpnq362acqdi.cloudfront.net/_next/static/chunks/framework-a3e0a528d633d461.js:25:93933
x@https://dqpnq362acqdi.cloudfront.net/_next/static/chunks/framework-a3e0a528d633d461.js:33:1365
R@https://dqpnq362acqdi.cloudfront.net/_next/static/chunks/framework-a3e0a528d633d461.js:33:1894

Dynamically enable window occlusion 1
console.warn: services.settings: security-state/cert-revocations sync interrupted by shutdown
console.warn: services.settings: security-state/onecrl sync interrupted by shutdown
console.warn: services.settings: security-state/intermediates sync interrupted by shutdown
console.warn: services.settings: security-state/intermediates: Unable to retrieve remote-settings attachment bundle. {}
1733400621974	geckodriver	INFO	Listening on 127.0.0.1:57705
1733400625042	mozrunner::runner	INFO	Running command: "C:\\Program Files\\Mozilla Firefox\\firefox.exe" "--marionette" "--remote-debugging-port" "57706" "--remote-allow-hosts" "localhost" "-no-remote" "-profile" "C:\\Users\\ADMINI~1\\AppData\\Local\\Temp\\rust_mozprofileZfH1ka"
console.warn: services.settings: Ignoring preference override of remote settings server
console.warn: services.settings: Allow by setting MOZ_REMOTE_SETTINGS_DEVTOOLS=1 in the environment
Dynamically enable window occlusion 0
1733400626072	Marionette	INFO	Marionette enabled
1733400626317	Marionette	INFO	Listening on port 57713
WebDriver BiDi listening on ws://127.0.0.1:57706
Read port: 57713
1733400626526	RemoteAgent	WARN	TLS certificate errors will be ignored for this session
1733400635333	Marionette	WARN	Ignoring event 'DOMContentLoaded' because document has an invalid readyState of 'loading'.
1733400635334	Marionette	WARN	Ignoring event 'DOMContentLoaded' because document has an invalid readyState of 'loading'.
1733400635334	Marionette	WARN	Ignoring event 'DOMContentLoaded' because document has an invalid readyState of 'loading'.
1733400659223	Marionette	INFO	Stopped listening on port 57713
Dynamically enable window occlusion 1
1733460128649	geckodriver	INFO	Listening on 127.0.0.1:60969
1733460131715	mozrunner::runner	INFO	Running command: "C:\\Program Files\\Mozilla Firefox\\firefox.exe" "--marionette" "--remote-debugging-port" "60970" "--remote-allow-hosts" "localhost" "-no-remote" "-profile" "C:\\Users\\ADMINI~1\\AppData\\Local\\Temp\\rust_mozprofile90MEQG"
console.warn: services.settings: Ignoring preference override of remote settings server
console.warn: services.settings: Allow by setting MOZ_REMOTE_SETTINGS_DEVTOOLS=1 in the environment
Dynamically enable window occlusion 0
1733460132108	Marionette	INFO	Marionette enabled
1733460132249	Marionette	INFO	Listening on port 60977
WebDriver BiDi listening on ws://127.0.0.1:60970
Read port: 60977
1733460132432	RemoteAgent	WARN	TLS certificate errors will be ignored for this session
1733460140527	Marionette	WARN	Ignoring event 'DOMContentLoaded' because document has an invalid readyState of 'complete'.
1733460140529	Marionette	WARN	Ignoring event 'DOMContentLoaded' because document has an invalid readyState of 'loading'.
1733460140530	Marionette	WARN	Ignoring event 'DOMContentLoaded' because document has an invalid readyState of 'loading'.
1733460164474	Marionette	INFO	Stopped listening on port 60977
JavaScript warning: https://dqpnq362acqdi.cloudfront.net/_next/static/chunks/framework-a3e0a528d633d461.js, line 41: Script terminated by timeout at:
s@https://dqpnq362acqdi.cloudfront.net/_next/static/chunks/framework-a3e0a528d633d461.js:41:354
eX@https://dqpnq362acqdi.cloudfront.net/_next/static/chunks/3710-b07aab79ae89faa2.js:522:22093
ld@https://dqpnq362acqdi.cloudfront.net/_next/static/chunks/framework-a3e0a528d633d461.js:25:58402
od@https://dqpnq362acqdi.cloudfront.net/_next/static/chunks/framework-a3e0a528d633d461.js:25:72732
i@https://dqpnq362acqdi.cloudfront.net/_next/static/chunks/framework-a3e0a528d633d461.js:25:120264
uI@https://dqpnq362acqdi.cloudfront.net/_next/static/chunks/framework-a3e0a528d633d461.js:25:99021
52967/uM/<@https://dqpnq362acqdi.cloudfront.net/_next/static/chunks/framework-a3e0a528d633d461.js:25:98889
uM@https://dqpnq362acqdi.cloudfront.net/_next/static/chunks/framework-a3e0a528d633d461.js:25:98894
uS@https://dqpnq362acqdi.cloudfront.net/_next/static/chunks/framework-a3e0a528d633d461.js:25:93933
x@https://dqpnq362acqdi.cloudfront.net/_next/static/chunks/framework-a3e0a528d633d461.js:33:1365
R@https://dqpnq362acqdi.cloudfront.net/_next/static/chunks/framework-a3e0a528d633d461.js:33:1894

Dynamically enable window occlusion 1
1733461731283	geckodriver	INFO	Listening on 127.0.0.1:61534
1733461734375	mozrunner::runner	INFO	Running command: "C:\\Program Files\\Mozilla Firefox\\firefox.exe" "--marionette" "--remote-debugging-port" "61535" "--remote-allow-hosts" "localhost" "-no-remote" "-profile" "C:\\Users\\ADMINI~1\\AppData\\Local\\Temp\\rust_mozprofileHaSlug"
console.warn: services.settings: Ignoring preference override of remote settings server
console.warn: services.settings: Allow by setting MOZ_REMOTE_SETTINGS_DEVTOOLS=1 in the environment
Dynamically enable window occlusion 0
1733461734768	Marionette	INFO	Marionette enabled
1733461734910	Marionette	INFO	Listening on port 61544
WebDriver BiDi listening on ws://127.0.0.1:61535
Read port: 61544
1733461735099	RemoteAgent	WARN	TLS certificate errors will be ignored for this session
1733461742293	Marionette	WARN	Ignoring event 'DOMContentLoaded' because document has an invalid readyState of 'complete'.
1733461742296	Marionette	WARN	Ignoring event 'DOMContentLoaded' because document has an invalid readyState of 'loading'.
1733461742296	Marionette	WARN	Ignoring event 'DOMContentLoaded' because document has an invalid readyState of 'loading'.
1733461766623	Marionette	INFO	Stopped listening on port 61544
JavaScript warning: https://db187550c7dkf.cloudfront.net/jwplayer-unlimited-8.25.6/jwplayer.js, line 9: Script terminated by timeout at:
P@https://db187550c7dkf.cloudfront.net/jwplayer-unlimited-8.25.6/jwplayer.js:9:51733
at@https://db187550c7dkf.cloudfront.net/jwplayer-unlimited-8.25.6/jwplayer.core.js:10:75677
668/Dt/ot/k<@https://db187550c7dkf.cloudfront.net/jwplayer-unlimited-8.25.6/jwplayer.core.js:10:75473

Dynamically enable window occlusion 1
console.error: services.settings: 
Object
  - prototype Object
    - columnNumber = 0
    - data = null
    - filename = resource://gre/modules/ServiceRequest.sys.mjs
    - lineNumber = 127
    - location = {"name":"open","filename":"resource://gre/modules/ServiceRequest.sys.mjs","sourceId":25,"lineNumber":127,"columnNumber":11,"asyncCause":null,"asyncCaller":null,"caller":{"filename":"resource://services-settings/Utils.sys.mjs","name":"fetch/<","sourceId":24,"lineNumber":268,"columnNumber":15,"asyncCause":null,"asyncCaller":null,"caller":{"filename":"resource://services-settings/Utils.sys.mjs","name":"fetch","sourceId":24,"lineNumber":219,"columnNumber":12,"asyncCause":null,"asyncCaller":null,"caller":{"filename":"resource://services-common/kinto-http-client.sys.mjs","name":"timedFetch/<","sourceId":449,"lineNumber":569,"columnNumber":12,"asyncCause":null,"asyncCaller":null,"caller":{"filename":"resource://services-common/kinto-http-client.sys.mjs","name":"timedFetch","sourceId":449,"lineNumber":544,"columnNumber":12,"asyncCause":null,"asyncCaller":null,"caller":{"filename":"resource://services-common/kinto-http-client.sys.mjs","name":"request","sourceId":449,"lineNumber":634,"columnNumber":33,"asyncCause":null,"asyncCaller":null,"caller":{"filename":"resource://services-common/kinto-http-client.sys.mjs","name":"execute","sourceId":449,"lineNumber":2643,"columnNumber":36,"asyncCause":null,"asyncCaller":null,"caller":{"filename":"resource://services-settings/RemoteSettingsClient.sys.mjs","name":"_fetchChangeset","sourceId":22,"lineNumber":1201,"columnNumber":22,"asyncCause":null,"asyncCaller":null,"caller":{"filename":"resource://services-settings/RemoteSettingsClient.sys.mjs","name":"_importChanges","sourceId":22,"lineNumber":1063,"columnNumber":18,"asyncCause":null,"asyncCaller":null,"caller":{"filename":"resource://services-settings/RemoteSettingsClient.sys.mjs","name":"maybeSync","sourceId":22,"lineNumber":752,"columnNumber":35,"asyncCause":null,"asyncCaller":null,"caller":null,"formattedStack":"maybeSync@resource://services-settings/RemoteSettingsClient.sys.mjs:752:35\n","nativeSavedFrame":{}},"formattedStack":"_importChanges@resource://services-settings/RemoteSettingsClient.sys.mjs:1063:18\nmaybeSync@resource://services-settings/RemoteSettingsClient.sys.mjs:752:35\n","nativeSavedFrame":{}},"formattedStack":"_fetchChangeset@resource://services-settings/RemoteSettingsClient.sys.mjs:1201:22\n_importChanges@resource://services-settings/RemoteSettingsClient.sys.mjs:1063:18\nmaybeSync@resource://services-settings/RemoteSettingsClient.sys.mjs:752:35\n","nativeSavedFrame":{}},"formattedStack":"execute@resource://services-common/kinto-http-client.sys.mjs:2643:36\n_fetchChangeset@resource://services-settings/RemoteSettingsClient.sys.mjs:1201:22\n_importChanges@resource://services-settings/RemoteSettingsClient.sys.mjs:1063:18\nmaybeSync@resource://services-settings/RemoteSettingsClient.sys.mjs:752:35\n","nativeSavedFrame":{}},"formattedStack":"request@resource://services-common/kinto-http-client.sys.mjs:634:33\nexecute@resource://services-common/kinto-http-client.sys.mjs:2643:36\n_fetchChangeset@resource://services-settings/RemoteSettingsClient.sys.mjs:1201:22\n_importChanges@resource://services-settings/RemoteSettingsClient.sys.mjs:1063:18\nmaybeSync@resource://services-settings/RemoteSettingsClient.sys.mjs:752:35\n","nativeSavedFrame":{}},"formattedStack":"timedFetch@resource://services-common/kinto-http-client.sys.mjs:544:12\nrequest@resource://services-common/kinto-http-client.sys.mjs:634:33\nexecute@resource://services-common/kinto-http-client.sys.mjs:2643:36\n_fetchChangeset@resource://services-settings/RemoteSettingsClient.sys.mjs:1201:22\n_importChanges@resource://services-settings/RemoteSettingsClient.sys.mjs:1063:18\nmaybeSync@resource://services-settings/RemoteSettingsClient.sys.mjs:752:35\n","nativeSavedFrame":{}},"formattedStack":"timedFetch/<@resource://services-common/kinto-http-client.sys.mjs:569:12\ntimedFetch@resource://services-common/kinto-http-client.sys.mjs:544:12\nrequest@resource://services-common/kinto-http-client.sys.mjs:634:33\nexecute@resource://services-common/kinto-http-client.sys.mjs:2643:36\n_fetchChangeset@resource://services-settings/RemoteSettingsClient.sys.mjs:1201:22\n_importChanges@resource://services-settings/RemoteSettingsClient.sys.mjs:1063:18\nmaybeSync@resource://services-settings/RemoteSettingsClient.sys.mjs:752:35\n","nativeSavedFrame":{}},"formattedStack":"fetch@resource://services-settings/Utils.sys.mjs:219:12\ntimedFetch/<@resource://services-common/kinto-http-client.sys.mjs:569:12\ntimedFetch@resource://services-common/kinto-http-client.sys.mjs:544:12\nrequest@resource://services-common/kinto-http-client.sys.mjs:634:33\nexecute@resource://services-common/kinto-http-client.sys.mjs:2643:36\n_fetchChangeset@resource://services-settings/RemoteSettingsClient.sys.mjs:1201:22\n_importChanges@resource://services-settings/RemoteSettingsClient.sys.mjs:1063:18\nmaybeSync@resource://services-settings/RemoteSettingsClient.sys.mjs:752:35\n","nativeSavedFrame":{}},"formattedStack":"fetch/<@resource://services-settings/Utils.sys.mjs:268:15\nfetch@resource://services-settings/Utils.sys.mjs:219:12\ntimedFetch/<@resource://services-common/kinto-http-client.sys.mjs:569:12\ntimedFetch@resource://services-common/kinto-http-client.sys.mjs:544:12\nrequest@resource://services-common/kinto-http-client.sys.mjs:634:33\nexecute@resource://services-common/kinto-http-client.sys.mjs:2643:36\n_fetchChangeset@resource://services-settings/RemoteSettingsClient.sys.mjs:1201:22\n_importChanges@resource://services-settings/RemoteSettingsClient.sys.mjs:1063:18\nmaybeSync@resource://services-settings/RemoteSettingsClient.sys.mjs:752:35\n","nativeSavedFrame":{}},"formattedStack":"open@resource://gre/modules/ServiceRequest.sys.mjs:127:11\nfetch/<@resource://services-settings/Utils.sys.mjs:268:15\nfetch@resource://services-settings/Utils.sys.mjs:219:12\ntimedFetch/<@resource://services-common/kinto-http-client.sys.mjs:569:12\ntimedFetch@resource://services-common/kinto-http-client.sys.mjs:544:12\nrequest@resource://services-common/kinto-http-client.sys.mjs:634:33\nexecute@resource://services-common/kinto-http-client.sys.mjs:2643:36\n_fetchChangeset@resource://services-settings/RemoteSettingsClient.sys.mjs:1201:22\n_importChanges@resource://services-settings/RemoteSettingsClient.sys.mjs:1063:18\nmaybeSync@resource://services-settings/RemoteSettingsClient.sys.mjs:752:35\n","nativeSavedFrame":{}}
    - message = 
    - name = 
    - result = 2152071198
    - stack = open@resource://gre/modules/ServiceRequest.sys.mjs:127:11|fetch/<@resource://services-settings/Utils.sys.mjs:268:15|fetch@resource://services-settings/Utils.sys.mjs:219:12|timedFetch/<@resource://services-common/kinto-http-client.sys.mjs:569:12|timedFetch@resource://services-common/kinto-http-client.sys.mjs:544:12|request@resource://services-common/kinto-http-client.sys.mjs:634:33|execute@resource://services-common/kinto-http-client.sys.mjs:2643:36|_fetchChangeset@resource://services-settings/RemoteSettingsClient.sys.mjs:1201:22|_importChanges@resource://services-settings/RemoteSettingsClient.sys.mjs:1063:18|maybeSync@resource://services-settings/RemoteSettingsClient.sys.mjs:752:35|
  - prototype Object
console.error: ({details:{id:"9a0cf117-f8e7-4420-cc60-9fac2c2f6ffa", last_modified:1733237822480, bucket:"security-state", collection:"intermediates", host:"firefox.settings.services.mozilla.com"}})
1733461842300	geckodriver	INFO	Listening on 127.0.0.1:61645
1733461845358	mozrunner::runner	INFO	Running command: "C:\\Program Files\\Mozilla Firefox\\firefox.exe" "--marionette" "--remote-debugging-port" "61646" "--remote-allow-hosts" "localhost" "-no-remote" "-profile" "C:\\Users\\ADMINI~1\\AppData\\Local\\Temp\\rust_mozprofileaHZvBf"
console.warn: services.settings: Ignoring preference override of remote settings server
console.warn: services.settings: Allow by setting MOZ_REMOTE_SETTINGS_DEVTOOLS=1 in the environment
Dynamically enable window occlusion 0
1733461845858	Marionette	INFO	Marionette enabled
1733461846031	Marionette	INFO	Listening on port 61653
WebDriver BiDi listening on ws://127.0.0.1:61646
Read port: 61653
1733461846268	RemoteAgent	WARN	TLS certificate errors will be ignored for this session
1733461853882	Marionette	WARN	Ignoring event 'DOMContentLoaded' because document has an invalid readyState of 'loading'.
1733461853882	Marionette	WARN	Ignoring event 'DOMContentLoaded' because document has an invalid readyState of 'loading'.
1733461853883	Marionette	WARN	Ignoring event 'DOMContentLoaded' because document has an invalid readyState of 'loading'.
1733461853886	Marionette	WARN	Ignoring event 'DOMContentLoaded' because document has an invalid readyState of 'complete'.
1733461877256	Marionette	INFO	Stopped listening on port 61653
JavaScript warning: https://dqpnq362acqdi.cloudfront.net/_next/static/chunks/framework-a3e0a528d633d461.js, line 25: Script terminated by timeout at:
u@https://dqpnq362acqdi.cloudfront.net/_next/static/chunks/framework-a3e0a528d633d461.js:25:51042
oo@https://dqpnq362acqdi.cloudfront.net/_next/static/chunks/framework-a3e0a528d633d461.js:25:71076
od@https://dqpnq362acqdi.cloudfront.net/_next/static/chunks/framework-a3e0a528d633d461.js:25:72794
i@https://dqpnq362acqdi.cloudfront.net/_next/static/chunks/framework-a3e0a528d633d461.js:25:120264
uI@https://dqpnq362acqdi.cloudfront.net/_next/static/chunks/framework-a3e0a528d633d461.js:25:99021
52967/uM/<@https://dqpnq362acqdi.cloudfront.net/_next/static/chunks/framework-a3e0a528d633d461.js:25:98889
uM@https://dqpnq362acqdi.cloudfront.net/_next/static/chunks/framework-a3e0a528d633d461.js:25:98894
uS@https://dqpnq362acqdi.cloudfront.net/_next/static/chunks/framework-a3e0a528d633d461.js:25:93933
x@https://dqpnq362acqdi.cloudfront.net/_next/static/chunks/framework-a3e0a528d633d461.js:33:1365
R@https://dqpnq362acqdi.cloudfront.net/_next/static/chunks/framework-a3e0a528d633d461.js:33:1894

Dynamically enable window occlusion 1
console.error: services.settings: 
Object
  - prototype Object
    - columnNumber = 0
    - data = null
    - filename = resource://gre/modules/ServiceRequest.sys.mjs
    - lineNumber = 127
    - location = {"name":"open","filename":"resource://gre/modules/ServiceRequest.sys.mjs","sourceId":25,"lineNumber":127,"columnNumber":11,"asyncCause":null,"asyncCaller":null,"caller":{"filename":"resource://services-settings/Utils.sys.mjs","name":"fetch/<","sourceId":24,"lineNumber":268,"columnNumber":15,"asyncCause":null,"asyncCaller":null,"caller":{"filename":"resource://services-settings/Utils.sys.mjs","name":"fetch","sourceId":24,"lineNumber":219,"columnNumber":12,"asyncCause":null,"asyncCaller":null,"caller":{"filename":"resource://services-common/kinto-http-client.sys.mjs","name":"timedFetch/<","sourceId":442,"lineNumber":569,"columnNumber":12,"asyncCause":null,"asyncCaller":null,"caller":{"filename":"resource://services-common/kinto-http-client.sys.mjs","name":"timedFetch","sourceId":442,"lineNumber":544,"columnNumber":12,"asyncCause":null,"asyncCaller":null,"caller":{"filename":"resource://services-common/kinto-http-client.sys.mjs","name":"request","sourceId":442,"lineNumber":634,"columnNumber":33,"asyncCause":null,"asyncCaller":null,"caller":{"filename":"resource://services-common/kinto-http-client.sys.mjs","name":"execute","sourceId":442,"lineNumber":2643,"columnNumber":36,"asyncCause":null,"asyncCaller":null,"caller":{"filename":"resource://services-common/kinto-http-client.sys.mjs","name":"getData","sourceId":442,"lineNumber":1119,"columnNumber":40,"asyncCause":null,"asyncCaller":null,"caller":{"filename":"resource://services-settings/RemoteSettingsClient.sys.mjs","name":"maybeSync","sourceId":22,"lineNumber":719,"columnNumber":54,"asyncCause":null,"asyncCaller":null,"caller":null,"formattedStack":"maybeSync@resource://services-settings/RemoteSettingsClient.sys.mjs:719:54\n","nativeSavedFrame":{}},"formattedStack":"getData@resource://services-common/kinto-http-client.sys.mjs:1119:40\nmaybeSync@resource://services-settings/RemoteSettingsClient.sys.mjs:719:54\n","nativeSavedFrame":{}},"formattedStack":"execute@resource://services-common/kinto-http-client.sys.mjs:2643:36\ngetData@resource://services-common/kinto-http-client.sys.mjs:1119:40\nmaybeSync@resource://services-settings/RemoteSettingsClient.sys.mjs:719:54\n","nativeSavedFrame":{}},"formattedStack":"request@resource://services-common/kinto-http-client.sys.mjs:634:33\nexecute@resource://services-common/kinto-http-client.sys.mjs:2643:36\ngetData@resource://services-common/kinto-http-client.sys.mjs:1119:40\nmaybeSync@resource://services-settings/RemoteSettingsClient.sys.mjs:719:54\n","nativeSavedFrame":{}},"formattedStack":"timedFetch@resource://services-common/kinto-http-client.sys.mjs:544:12\nrequest@resource://services-common/kinto-http-client.sys.mjs:634:33\nexecute@resource://services-common/kinto-http-client.sys.mjs:2643:36\ngetData@resource://services-common/kinto-http-client.sys.mjs:1119:40\nmaybeSync@resource://services-settings/RemoteSettingsClient.sys.mjs:719:54\n","nativeSavedFrame":{}},"formattedStack":"timedFetch/<@resource://services-common/kinto-http-client.sys.mjs:569:12\ntimedFetch@resource://services-common/kinto-http-client.sys.mjs:544:12\nrequest@resource://services-common/kinto-http-client.sys.mjs:634:33\nexecute@resource://services-common/kinto-http-client.sys.mjs:2643:36\ngetData@resource://services-common/kinto-http-client.sys.mjs:1119:40\nmaybeSync@resource://services-settings/RemoteSettingsClient.sys.mjs:719:54\n","nativeSavedFrame":{}},"formattedStack":"fetch@resource://services-settings/Utils.sys.mjs:219:12\ntimedFetch/<@resource://services-common/kinto-http-client.sys.mjs:569:12\ntimedFetch@resource://services-common/kinto-http-client.sys.mjs:544:12\nrequest@resource://services-common/kinto-http-client.sys.mjs:634:33\nexecute@resource://services-common/kinto-http-client.sys.mjs:2643:36\ngetData@resource://services-common/kinto-http-client.sys.mjs:1119:40\nmaybeSync@resource://services-settings/RemoteSettingsClient.sys.mjs:719:54\n","nativeSavedFrame":{}},"formattedStack":"fetch/<@resource://services-settings/Utils.sys.mjs:268:15\nfetch@resource://services-settings/Utils.sys.mjs:219:12\ntimedFetch/<@resource://services-common/kinto-http-client.sys.mjs:569:12\ntimedFetch@resource://services-common/kinto-http-client.sys.mjs:544:12\nrequest@resource://services-common/kinto-http-client.sys.mjs:634:33\nexecute@resource://services-common/kinto-http-client.sys.mjs:2643:36\ngetData@resource://services-common/kinto-http-client.sys.mjs:1119:40\nmaybeSync@resource://services-settings/RemoteSettingsClient.sys.mjs:719:54\n","nativeSavedFrame":{}},"formattedStack":"open@resource://gre/modules/ServiceRequest.sys.mjs:127:11\nfetch/<@resource://services-settings/Utils.sys.mjs:268:15\nfetch@resource://services-settings/Utils.sys.mjs:219:12\ntimedFetch/<@resource://services-common/kinto-http-client.sys.mjs:569:12\ntimedFetch@resource://services-common/kinto-http-client.sys.mjs:544:12\nrequest@resource://services-common/kinto-http-client.sys.mjs:634:33\nexecute@resource://services-common/kinto-http-client.sys.mjs:2643:36\ngetData@resource://services-common/kinto-http-client.sys.mjs:1119:40\nmaybeSync@resource://services-settings/RemoteSettingsClient.sys.mjs:719:54\n","nativeSavedFrame":{}}
    - message = 
    - name = 
    - result = 2152071198
    - stack = open@resource://gre/modules/ServiceRequest.sys.mjs:127:11|fetch/<@resource://services-settings/Utils.sys.mjs:268:15|fetch@resource://services-settings/Utils.sys.mjs:219:12|timedFetch/<@resource://services-common/kinto-http-client.sys.mjs:569:12|timedFetch@resource://services-common/kinto-http-client.sys.mjs:544:12|request@resource://services-common/kinto-http-client.sys.mjs:634:33|execute@resource://services-common/kinto-http-client.sys.mjs:2643:36|getData@resource://services-common/kinto-http-client.sys.mjs:1119:40|maybeSync@resource://services-settings/RemoteSettingsClient.sys.mjs:719:54|
  - prototype Object
console.warn: services.settings: main/search-config-v2 sync interrupted by shutdown
console.error: "Could not download new icon" ({})
console.error: "Could not download new icon" ({})
console.error: "Could not download new icon" ({})
console.warn: services.settings: main/devtools-compatibility-browsers sync interrupted by shutdown
console.error: "Could not download new icon" ({})
console.error: "Could not download new icon" ({})
console.warn: services.settings: security-state/cert-revocations sync interrupted by shutdown
console.warn: services.settings: security-state/onecrl sync interrupted by shutdown
console.warn: services.settings: security-state/intermediates sync interrupted by shutdown
console.error: "Could not download new icon" ({})
console.error: "Could not download new icon" ({})
console.error: ({details:{id:"9cee02bd-bc7a-cacc-333f-61dbc4575260", last_modified:1728419357989, bucket:"main", collection:"translations-models", host:"firefox.settings.services.mozilla.com"}})
console.error: "Could not download new icon" ({})
console.error: "Could not download new icon" ({})
console.error: "Could not download new icon" ({})
console.error: "Could not download new icon" ({})
console.error: "Could not download new icon" ({})
console.error: "Could not download new icon" ({})
console.error: "Could not download new icon" ({})
console.error: "Could not download new icon" ({})
console.error: "Could not download new icon" ({})
console.error: "Could not download new icon" ({})
console.error: "Could not download new icon" ({})
console.error: "Could not download new icon" ({})
console.error: "Could not download new icon" ({})
console.error: "Could not download new icon" ({})
console.error: "Could not download new icon" ({})
console.error: "Could not download new icon" ({})
console.error: "Could not download new icon" ({})
console.error: "Could not download new icon" ({})
console.error: "Could not download new icon" ({})
console.error: "Could not download new icon" ({})
console.error: "Could not download new icon" ({})
1733461892093	geckodriver	INFO	Listening on 127.0.0.1:61718
1733461895154	mozrunner::runner	INFO	Running command: "C:\\Program Files\\Mozilla Firefox\\firefox.exe" "--marionette" "--remote-debugging-port" "61719" "--remote-allow-hosts" "localhost" "-no-remote" "-profile" "C:\\Users\\ADMINI~1\\AppData\\Local\\Temp\\rust_mozprofileiSGhcV"
console.warn: services.settings: Ignoring preference override of remote settings server
console.warn: services.settings: Allow by setting MOZ_REMOTE_SETTINGS_DEVTOOLS=1 in the environment
Dynamically enable window occlusion 0
1733461895527	Marionette	INFO	Marionette enabled
1733461895666	Marionette	INFO	Listening on port 61726
WebDriver BiDi listening on ws://127.0.0.1:61719
Read port: 61726
1733461895854	RemoteAgent	WARN	TLS certificate errors will be ignored for this session
1733461902677	Marionette	WARN	Ignoring event 'DOMContentLoad1733461902755	mozrunner::runner	INFO	Running command: "C:\\Program Files\\Mozilla Firefox\\firefox.exe" "--marionette" "--remote-debugging-port" "61766" "--remote-allow-hosts" "localhost" "-no-remote" "-profile" "C:\\Users\\ADMINI~1\\AppData\\Local\\Temp\\rust_mozprofileNllAZ8"
console.warn: services.setti1733461926379	Marionette	INFO	Stopped listening on port 61726
JavaScript warning: https://dqpnq362acqdi.cloudfront.net/_next/static/chunks/pages/_app-6e4ba140028f66d1.js, line 261: Script terminated by timeout at:
C@https://dqpnq362acqdi.cloudfront.net/_next/static/chunks/pages/_app-6e4ba140028f66d1.js:261:989
eC@https://dqpnq362acqdi.cloudfront.net/_next/static/chunks/3710-b07aab79ae89faa2.js:522:13893
eX@https://dqpnq362acqdi.cloudfront.net/_next/static/chunks/3710-b07aab79ae89faa2.js:522:20933
ld@https://dqpnq362acqdi.cloudfront.net/_next/static/chunks/framework-a3e0a528d633d461.js:25:58402
od@https://dqpnq362acqdi.cloudfront.net/_next/static/chunks/framework-a3e0a528d633d461.js:25:727321733461934903	Marionette	INFO	Stopped listening on port 61782
Dynamically enable window occlusion 1
console.error: services.settings: 
Object
  - prototype Object
    - columnNumber = 0
    - data = null
    - filename = resource://gre/modules/ServiceRequest.sys.mjs
    - lineNumber = 127
    - location = {"name":"open","filename":"resource://gre/modules/ServiceRequest.sys.mjs","sourceId":25,"lineNumber":127,"columnNumber":11,"asyncCause":null,"asyncCaller":null,"caller":{"filename":"resource://services-settings/Utils.sys.mjs","name":"fetch/<","sourceId":24,"lineNumber":268,"columnNumber":15,"asyncCause":null,"asyncCaller":null,"caller":{"filename":"resource://services-settings/Utils.sys.mjs","name":"fetch","sourceId":24,"lineNumber":219,"columnNumber":12,"asyncCause":null,"asyncCaller":null,"caller":{"filename":"resource://services-common/kinto-http-client.sys.mjs","name":"timedFetch/<","sourceId":454,"lineNumber":569,"columnNumber":12,"asyncCause":null,"asyncCaller":null,"caller":{"filename":"resource://services-common/kinto-http-client.sys.mjs","name":"timedFetch","sourceId":454,"lineNumber":544,"columnNumber":12,"asyncCause":null,"asyncCaller":null,"caller":{"filename":"resource://services-common/kinto-http-client.sys.mjs","name":"request","sourceId":454,"lineNumber":634,"columnNumber":33,"asyncCause":null,"asyncCaller":null,"caller":{"filename":"resource://services-common/kinto-http-client.sys.mjs","name":"execute","sourceId":454,"lineNumber":2643,"columnNumber":36,"asyncCause":null,"asyncCaller":null,"caller":{"filename":"resource://services-common/kinto-http-client.sys.mjs","name":"getData","sourceId":454,"lineNumber":1119,"columnNumber":40,"asyncCause":null,"asyncCaller":null,"caller":{"filename":"resource://services-settings/RemoteSettingsClient.sys.mjs","name":"maybeSync","sourceId":22,"lineNumber":719,"columnNumber":54,"asyncCause":null,"asyncCaller":null,"caller":null,"formattedStack":"maybeSync@resource://services-settings/RemoteSettingsClient.sys.mjs:719:54\n","nativeSavedFrame":{}},"formattedStack":"getData@resource://services-common/kinto-http-client.sys.mjs:1119:40\nmaybeSync@resource://services-settings/RemoteSettingsClient.sys.mjs:719:54\n","nativeSavedFrame":{}},"formattedStack":"execute@resource://services-common/kinto-http-client.sys.mjs:2643:36\ngetData@resource://services-common/kinto-http-client.sys.mjs:1119:40\nmaybeSync@resource://services-settings/RemoteSettingsClient.sys.mjs:719:54\n","nativeSavedFrame":{}},"formattedStack":"request@resource://services-common/kinto-http-client.sys.mjs:634:33\nexecute@resource://services-common/kinto-http-client.sys.mjs:2643:36\ngetData@resource://services-common/kinto-http-client.sys.mjs:1119:40\nmaybeSync@resource://services-settings/RemoteSettingsClient.sys.mjs:719:54\n","nativeSavedFrame":{}},"formattedStack":"timedFetch@resource://services-common/kinto-http-client.sys.mjs:544:12\nrequest@resource://services-common/kinto-http-client.sys.mjs:634:33\nexecute@resource://services-common/kinto-http-client.sys.mjs:2643:36\ngetData@resource://services-common/kinto-http-client.sys.mjs:1119:40\nmaybeSync@resource://services-settings/RemoteSettingsClient.sys.mjs:719:54\n","nativeSavedFrame":{}},"formattedStack":"timedFetch/<@resource://services-common/kinto-http-client.sys.mjs:569:12\ntimedFetch@resource://services-common/kinto-http-client.sys.mjs:544:12\nrequest@resource://services-common/kinto-http-client.sys.mjs:634:33\nexecute@resource://services-common/kinto-http-client.sys.mjs:2643:36\ngetData@resource://services-common/kinto-http-client.sys.mjs:1119:40\nmaybeSync@resource://services-settings/RemoteSettingsClient.sys.mjs:719:54\n","nativeSavedFrame":{}},"formattedStack":"fetch@resource://services-settings/Utils.sys.mjs:219:12\ntimedFetch/<@resource://services-common/kinto-http-client.sys.mjs:569:12\ntimedFetch@resource://services-common/kinto-http-client.sys.mjs:544:12\nrequest@resource://services-common/kinto-http-client.sys.mjs:634:33\nexecute@resource://services-common/kinto-http-client.sys.mjs:2643:36\ngetData@resource://services-common/kinto-http-client.sys.mjs:1119:40\nmaybeSync@resource://services-settings/RemoteSettingsClient.sys.mjs:719:54\n","nativeSavedFrame":{}},"formattedStack":"fetch/<@resource://services-settings/Utils.sys.mjs:268:15\nfetch@resource://services-settings/Utils.sys.mjs:219:12\ntimedFetch/<@resource://services-common/kinto-http-client.sys.mjs:569:12\ntimedFetch@resource://services-common/kinto-http-client.sys.mjs:544:12\nrequest@resource://services-common/kinto-http-client.sys.mjs:634:33\nexecute@resource://services-common/kinto-http-client.sys.mjs:2643:36\ngetData@resource://services-common/kinto-http-client.sys.mjs:1119:40\nmaybeSync@resource://services-settings/RemoteSettingsClient.sys.mjs:719:54\n","nativeSavedFrame":{}},"formattedStack":"open@resource://gre/modules/ServiceRequest.sys.mjs:127:11\nfetch/<@resource://services-settings/Utils.sys.mjs:268:15\nfetch@resource://services-settings/Utils.sys.mjs:219:12\ntimedFetch/<@resource://services-common/kinto-http-client.sys.mjs:569:12\ntimedFetch@resource://services-common/kinto-http-client.sys.mjs:544:12\nrequest@resource://services-common/kinto-http-client.sys.mjs:634:33\nexecute@resource://services-common/kinto-http-client.sys.mjs:2643:36\ngetData@resource://services-common/kinto-http-client.sys.mjs:1119:40\nmaybeSync@resource://services-settings/RemoteSettingsClient.sys.mjs:719:54\n","nativeSavedFrame":{}}
    - message = 
    - name = 
    - result = 2152071198
    - stack = open@resource://gre/modules/ServiceRequest.sys.mjs:127:11|fetch/<@resource://services-settings/Utils.sys.mjs:268:15|fetch@resource://services-settings/Utils.sys.mjs:219:12|timedFetch/<@resource://services-common/kinto-http-client.sys.mjs:569:12|timedFetch@resource://services-common/kinto-http-client.sys.mjs:544:12|request@resource://services-common/kinto-http-client.sys.mjs:634:33|execute@resource://services-common/kinto-http-client.sys.mjs:2643:36|getData@resource://services-common/kinto-http-client.sys.mjs:1119:40|maybeSync@resource://services-settings/RemoteSettingsClient.sys.mjs:719:54|
  - prototype Object
console.warn: services.settings: security-state/intermediates sync interrupted by shutdown
console.error: ({details:{id:"4dd906e9-fe4e-fd64-8138-a2c7260b2199", last_modified:1727383809894, bucket:"security-state", collection:"onecrl", host:"firefox.settings.services.mozilla.com"}})
e://services-settings/RemoteSettingsClient.sys.mjs:752:35\n","nativeSavedFrame":{}},"formattedStack":"open@resource://gre/modules/ServiceRequest.sys.mjs:127:11\nfetch/<@resource://services-settings/Utils.sys.mjs:268:15\nfetch@resource://services-settings/Utils.sys.mjs:219:12\ntimedFetch/<@resource://services-common/kinto-http-client.sys.mjs:569:12\ntimedFetch@resource://services-common/kinto-http-client.sys.mjs:544:12\nrequest@resource://services-common/kinto-http-client.sys.mjs:634:33\nexecute@resource://services-common/kinto-http-client.sys.mjs:2643:36\n_fetchChangeset@resource://services-settings/RemoteSettingsClient.sys.mjs:1201:22\n_importChanges@resource://services-settings/RemoteSettingsClient.sys.mjs:1063:18\nmaybeSync@resource://services-settings/RemoteSettingsClient.sys.mjs:752:35\n","nativeSavedFrame":{}}
    - message = 
    - name = 
    - result = 2152071198
    - stack = open@resource://gre/modules/ServiceRequest.sys.mjs:127:11|fetch/<@resource://services-settings/Utils.sys.mjs:268:15|fetch@resource://services-settings/Utils.sys.mjs:219:12|timedFetch/<@resource://services-common/kinto-http-client.sys.mjs:569:12|timedFetch@resource://services-common/kinto-http-client.sys.mjs:544:12|request@resource://services-common/kinto-http-client.sys.mjs:634:33|execute@resource://services-common/kinto-http-client.sys.mjs:2643:36|_fetchChangeset@resource://services-settings/RemoteSettingsClient.sys.mjs:1201:22|_importChanges@resource://services-settings/RemoteSettingsClient.sys.mjs:1063:18|maybeSync@resource://services-settings/RemoteSettingsClient.sys.mjs:752:35|
  - prototype Object
console.warn: services.settings: main/search-categorization sync interrupted by shutdown
console.warn: services.settings: main/tracking-protection-lists sync interrupted by shutdown
console.warn: services.settings: main/sites-classification sync interrupted by shutdown
console.warn: services.settings: main/anti-tracking-url-decoration sync interrupted by shutdown
console.error: (new AbortError("IndexedDB: main/personality-provider-models getLastModified() IndexedDB:  execute() A request was aborted, for example through a call to IDBTransaction.abort.", "resource://services-settings/IDBHelpers.sys.mjs", 16))
1733462515602	geckodriver	INFO	Listening on 127.0.0.1:62206
1733462518676	mozrunner::runner	INFO	Running command: "C:\\Program Files\\Mozilla Firefox\\firefox.exe" "--marionette" "--remote-debugging-port" "62207" "--remote-allow-hosts" "localhost" "-no-remote" "-profile" "C:\\Users\\ADMINI~1\\AppData\\Local\\Temp\\rust_mozprofileLH1UVF"
console.warn: services.settings: Ignoring preference override of remote settings server
console.warn: services.settings: Allow by setting MOZ_REMOTE_SETTINGS_DEVTOOLS=1 in the environment
Dynamically enable window occlusion 0
1733462519064	Marionette	INFO	Marionette enabled
1733462519207	Marionette	INFO	Listening on port 62215
WebDriver BiDi listening on ws://127.0.0.1:62207
Read port: 62215
1733462519397	RemoteAgent	WARN	TLS certificate errors will be ignored for this session
1733462550432	Marionette	INFO	Stopped listening on port 62215
JavaScript warning: https://dqpnq362acqdi.cloudfront.net/_next/static/chunks/framework-a3e0a528d633d461.js, line 41: Script terminated by timeout at:
s@https://dqpnq362acqdi.cloudfront.net/_next/static/chunks/framework-a3e0a528d633d461.js:41:354
89354/O<@https://dqpnq362acqdi.cloudfront.net/_next/static/chunks/3710-b07aab79ae89faa2.js:522:3739
ld@https://dqpnq362acqdi.cloudfront.net/_next/static/chunks/framework-a3e0a528d633d461.js:25:58402
ou@https://dqpnq362acqdi.cloudfront.net/_next/static/chunks/framework-a3e0a528d633d461.js:25:71157
i@https://dqpnq362acqdi.cloudfront.net/_next/static/chunks/framework-a3e0a528d633d461.js:25:121452
uI@https://dqpnq362acqdi.cloudfront.net/_next/static/chunks/framework-a3e0a528d633d461.js:25:99021
52967/uM/<@https://dqpnq362acqdi.cloudfront.net/_next/static/chunks/framework-a3e0a528d633d461.js:25:98889
uM@https://dqpnq362acqdi.cloudfront.net/_next/static/chunks/framework-a3e0a528d633d461.js:25:98894
uS@https://dqpnq362acqdi.cloudfront.net/_next/static/chunks/framework-a3e0a528d633d461.js:25:93933
x@https://dqpnq362acqdi.cloudfront.net/_next/static/chunks/framework-a3e0a528d633d461.js:33:1365
R@https://dqpnq362acqdi.cloudfront.net/_next/static/chunks/framework-a3e0a528d633d461.js:33:1894

Dynamically enable window occlusion 1
console.error: "Could not download new icon" ({})
console.warn: services.settings: main/addons-manager-settings sync interrupted by shutdown
console.warn: services.settings: main/query-stripping sync interrupted by shutdown
console.warn: services.settings: main/partitioning-exempt-urls sync interrupted by shutdown
console.error: "Could not download new icon" ({})
console.warn: services.settings: main/search-config-overrides-v2 sync interrupted by shutdown
console.error: "Could not download new icon" ({})
console.error: "Could not download new icon" ({})
console.warn: services.settings: main/fingerprinting-protection-overrides sync interrupted by shutdown
console.error: "Could not download new icon" ({})
console.warn: services.settings: main/top-sites sync interrupted by shutdown
console.warn: services.settings: main/translations-models sync interrupted by shutdown
console.warn: services.settings: main/search-config-v2 sync interrupted by shutdown
console.error: "Could not download new icon" ({})
console.error: "Could not download new icon" ({})
console.error: "Could not download new icon" ({})
console.warn: services.settings: main/devtools-compatibility-browsers sync interrupted by shutdown
console.error: "Could not download new icon" ({})
console.error: "Could not download new icon" ({})
console.warn: services.settings: security-state/cert-revocations sync interrupted by shutdown
console.warn: services.settings: security-state/onecrl sync interrupted by shutdown
console.warn: services.settings: security-state/intermediates sync interrupted by shutdown
console.error: "Could not download new icon" ({})
console.error: "Could not download new icon" ({})
console.error: "Could not download new icon" ({})
console.error: "Could not download new icon" ({})
console.error: "Could not download new icon" ({})
console.error: "Could not download new icon" ({})
console.error: "Could not download new icon" ({})
console.error: "Could not download new icon" ({})
1733462615851	geckodriver	INFO	Listening on 127.0.0.1:62316
1733462618914	mozrunner::runner	INFO	Running command: "C:\\Program Files\\Mozilla Firefox\\firefox.exe" "--marionette" "--remote-debugging-port" "62317" "--remote-allow-hosts" "localhost" "-no-remote" "-profile" "C:\\Users\\ADMINI~1\\AppData\\Local\\Temp\\rust_mozprofilesxhxEm"
console.warn: services.settings: Ignoring preference override of remote settings server
console.warn: services.settings: Allow by setting MOZ_REMOTE_SETTINGS_DEVTOOLS=1 in the environment
Dynamically enable window occlusion 0
1733462619298	Marionette	INFO	Marionette enabled
1733462619435	Marionette	INFO	Listening on port 62327
WebDriver BiDi listening on ws://127.0.0.1:62317
Read port: 62327
1733462619622	RemoteAgent	WARN	TLS certificate errors will be ignored for this session
1733462628356	Marionette	WARN	Ignoring event 'DOMContentLoaded' because document has an invalid readyState of 'loading'.
1733462628361	Marionette	WARN	Ignoring event 'DOMContentLoaded' because document has an invalid readyState of 'complete'.
JavaScript warning: https://dqpnq362acqdi.cloudfront.net/_next/static/chunks/framework-a3e0a528d633d461.js, line 33: Script terminated by timeout at:
9670/t.unstable_now@https://dqpnq362acqdi.cloudfront.net/_next/static/chunks/framework-a3e0a528d633d461.js:33:628
R@https://dqpnq362acqdi.cloudfront.net/_next/static/chunks/framework-a3e0a528d633d461.js:33:1860

JavaScript error: resource://gre/modules/PictureInPicture.sys.mjs, line 589: TypeError: browser is null
1733462644063	Marionette	INFO	Stopped listening on port 62327
Dynamically enable window occlusion 1
62634685	Marionette	INFO	Marionette enabled
1733462634820	Marionette	INFO	Listening on port 62385
WebDriver BiDi listening on ws://127.0.0.1:62378
Read port: 62385
1733462635009	RemoteAgent	WARN	TLS certificate errors will be ignored for this session
1733462643446	Marionette	WARN	Ignoring event 'DOMContentLoaded' because document has an invalid readyState of 'loading'.
1733462643447	Marionette	WARN	Ignoring event 'DOMContentLoaded' because document has an invalid readyState of 'loading'.
1733462643447	Marionette	WARN	Ignoring event 'DOMContentLoaded' because document has an invalid readyState of 'loading'.
1733462643453	Marionette	WARN	Ignoring event 'DOMContentLoaded' because document has an invalid readyState of 'complete'.
1733462667479	Marionette	INFO	Stopped listening on port 62385
JavaScript warning: https://dqpnq362acqdi.cloudfront.net/_next/static/chunks/pages/_app-6e4ba140028f66d1.js, line 250: Script terminated by timeout at:
N@https://dqpnq362acqdi.cloudfront.net/_next/static/chunks/pages/_app-6e4ba140028f66d1.js:250:30424
N@https://dqpnq362acqdi.cloudfront.net/_next/static/chunks/pages/_app-6e4ba140028f66d1.js:250:35667
26911/e/this.formatHTMLMessage/B<@https://dqpnq362acqdi.cloudfront.net/_next/static/chunks/pages/_app-6e4ba140028f66d1.js:250:36985
26911/e/this.formatHTMLMessage@https://dqpnq362acqdi.cloudfront.net/_next/static/chunks/pages/_app-6e4ba140028f66d1.js:250:38310
d@https://dqpnq362acqdi.cloudfront.net/_next/static/chunks/pages/_app-6e4ba140028f66d1.js:258:3512
p@https://dqpnq362acqdi.cloudfront.net/_next/static/chunks/9437-804c83fd3979cf70.js:1:5333
R@https://dqpnq362acqdi.cloudfront.net/_next/static/chunks/9437-804c83fd3979cf70.js:1:5872
27786/E/I<@https://dqpnq362acqdi.cloudfront.net/_next/static/chunks/9437-804c83fd3979cf70.js:1:654
lU@https://dqpnq362acqdi.cloudfront.net/_next/static/chunks/framework-a3e0a528d633d461.js:25:62775
83426/t.useMemo@https://dqpnq362acqdi.cloudfront.net/_next/static/chunks/framework-a3e0a528d633d461.js:49:5995
E@https://dqpnq362acqdi.cloudfront.net/_next/static/chunks/9437-804c83fd3979cf70.js:1:634
ld@https://dqpnq362acqdi.cloudfront.net/_next/static/chunks/framework-a3e0a528d633d461.js:25:58402
od@https://dqpnq362acqdi.cloudfront.net/_next/static/chunks/framework-a3e0a528d633d461.js:25:72732
i@https://dqpnq362acqdi.cloudfront.net/_next/static/chunks/framework-a3e0a528d633d461.js:25:120264
uI@https://dqpnq362acqdi.cloudfront.net/_next/static/chunks/framework-a3e0a528d633d461.js:25:99021
52967/uM/<@https://dqpnq362acqdi.cloudfront.net/_next/static/chunks/framework-a3e0a528d633d461.js:25:98889
uM@https://dqpnq362acqdi.cloudfront.net/_next/static/chunks/framework-a3e0a528d633d461.js:25:98894
uS@https://dqpnq362acqdi.cloudfront.net/_next/static/chunks/framework-a3e0a528d633d461.js:25:93933
x@https://dqpnq362acqdi.cloudfront.net/_next/static/chunks/framework-a3e0a528d633d461.js:33:1365
R@https://dqpnq362acqdi.cloudfront.net/_next/static/chunks/framework-a3e0a528d633d461.js:33:1894

Dynamically enable window occlusion 1
1733462805931	geckodriver	INFO	Listening on 127.0.0.1:62477
1733462809002	mozrunner::runner	INFO	Running command: "C:\\Program Files\\Mozilla Firefox\\firefox.exe" "--marionette" "--remote-debugging-port" "62478" "--remote-allow-hosts" "localhost" "-no-remote" "-profile" "C:\\Users\\ADMINI~1\\AppData\\Local\\Temp\\rust_mozprofilevohU0H"
console.warn: services.settings: Ignoring preference override of remote settings server
console.warn: services.settings: Allow by setting MOZ_REMOTE_SETTINGS_DEVTOOLS=1 in the environment
Dynamically enable window occlusion 0
1733462809382	Marionette	INFO	Marionette enabled
1733462809521	Marionette	INFO	Listening on port 62489
WebDriver BiDi listening on ws://127.0.0.1:62478
Read port: 62489
1733462809713	RemoteAgent	WARN	TLS certificate errors will be ignored for this session
1733462828272	Marionette	WARN	Ignoring event 'DOMContentLoaded' because document has an invalid readyState of 'loading'.
1733462838081	Marionette	INFO	Stopped listening on port 62489
JavaScript warning: https://dqpnq362acqdi.cloudfront.net/_next/static/chunks/pages/_app-6e4ba140028f66d1.js, line 235: Script terminated by timeout at:
47183/t.useGetImageSizeData@https://dqpnq362acqdi.cloudfront.net/_next/static/chunks/pages/_app-6e4ba140028f66d1.js:235:307091
79441/t.SlateImage@https://dqpnq362acqdi.cloudfront.net/_next/static/chunks/pages/_app-6e4ba140028f66d1.js:235:303480
ld@https://dqpnq362acqdi.cloudfront.net/_next/static/chunks/framework-a3e0a528d633d461.js:25:58402
od@https://dqpnq362acqdi.cloudfront.net/_next/static/chunks/framework-a3e0a528d633d461.js:25:72732
i@https://dqpnq362acqdi.cloudfront.net/_next/static/chunks/framework-a3e0a528d633d461.js:25:120264
uI@https://dqpnq362acqdi.cloudfront.net/_next/static/chunks/framework-a3e0a528d633d461.js:25:99021
52967/uM/<@https://dqpnq362acqdi.cloudfront.net/_next/static/chunks/framework-a3e0a528d633d461.js:25:98889
uM@https://dqpnq362acqdi.cloudfront.net/_next/static/chunks/framework-a3e0a528d633d461.js:25:98894
u1733462861131	Marionette	INFO	Stopped listening on port 62550
JavaScript warning: https://dqpnq362acqdi.cloudfront.net/_next/static/chunks/pages/_app-6e4ba140028f66d1.js, line 250: Script terminated by timeout at:
26911/e/this.formatHTMLMessage/c<@https://dqpnq362acqdi.cloudfront.net/_next/static/chunks/pages/_app-6e4ba140028f66d1.js:250:37039
26911/e/this.formatHTMLMessage/B<@https://dqpnq362acqdi.cloudfront.net/_next/static/chunks/pages/_app-6e4ba140028f66d1.js:250:37015
26911/e/this.formatHTMLMessage@https://dqpnq362acqdi.cloudfront.net/_next/static/chunks/pages/_app-6e4ba140028f66d1.js:250:38310
d@https://dqpnq362acqdi.cloudfront.net/_next/static/chunks/pages/_app-6e4ba140028f66d1.js:258:3512
a@https://dqpnq362acqdi.cloudfront.net/_next/static/chunks/pages/_app-6e4ba140028f66d1.js:259:19750
eE@https://dqpnq362acqdi.cloudfront.net/_next/static/chunks/3710-b07aab79ae89faa2.js:522:15021
eX@https://dqpnq362acqdi.cloudfront.net/_next/static/chunks/3710-b07aab79ae89faa2.js:522:20269
ld@https://dqpnq362acqdi.cloudfront.net/_next/static/chunks/framework-a3e0a528d633d461.js:25:58402
od@https://dqpnq362acqdi.cloudfront.net/_next/static/chunks/framework-a3e0a528d633d461.js:25:72732
i@https://dqpnq362acqdi.cloudfront.net/_next/static/chunks/framework-a3e0a528d633d461.js:25:120264
uI@https://dqpnq362acqdi.cloudfront.net/_next/static/chunks/framework-a3e0a528d633d461.js:25:99021
52967/uM/<@https://dqpnq362acqdi.cloudfront.net/_next/static/chunks/framework-a3e0a528d633d461.js:25:98889
uM@https://dqpnq362acqdi.cloudfront.net/_next/static/chunks/framework-a3e0a528d633d461.js:25:98894
uS@https://dqpnq362acqdi.cloudfront.net/_next/static/chunks/framework-a3e0a528d633d461.js:25:93933
x@https://dqpnq362acqdi.cloudfront.net/_next/static/chunks/framework-a3e0a528d633d461.js:33:1365
R@https://dqpnq362acqdi.cloudfront.net/_next/static/chunks/framework-a3e0a528d633d461.js:33:1894

Dynamically enable window occlusion 1
1733462941278	geckodriver	INFO	Listening on 127.0.0.1:62748
1733462944387	mozrunner::runner	INFO	Running command: "C:\\Program Files\\Mozilla Firefox\\firefox.exe" "--marionette" "--remote-debugging-port" "62749" "--remote-allow-hosts" "localhost" "-no-remote" "-profile" "C:\\Users\\ADMINI~1\\AppData\\Local\\Temp\\rust_mozprofileVY3tYQ"
console.warn: services.settings: Ignoring preference override of remote settings server
console.warn: services.settings: Allow by setting MOZ_REMOTE_SETTINGS_DEVTOOLS=1 in the environment
Dynamically enable window occlusion 0
1733462944897	Marionette	INFO	Marionette enabled
1733462945069	Marionette	INFO	Listening on port 62764
WebDriver BiDi listening on ws://127.0.0.1:62749
Read port: 62764
1733462945295	RemoteAgent	WARN	TLS certificate errors will be ignored for this session
1733462953427	Marionette	WARN	Ignoring event 'DOMContentLoaded' because document has an invalid readyState of 'loading'.
1733462953427	Marionette	WARN	Ignoring event 'DOMContentLoaded' because document has an invalid readyState of 'loading'.
1733462953428	Marionette	WARN	Ignoring event 'DOMContentLoaded' because document has an invalid readyState of 'loading'.
1733462953430	Marionette	WARN	Ignoring event 'DOMContentLoaded' because document has an invalid readyState of 'complete'.
1733462977673	Marionette	INFO	Stopped listening on port 62764
JavaScript warning: https://dqpnq362acqdi.cloudfront.net/_next/static/chunks/pages/_app-6e4ba140028f66d1.js, line 235: Script terminated by timeout at:
23961/t.convertToCamelCase@https://dqpnq362acqdi.cloudfront.net/_next/static/chunks/pages/_app-6e4ba140028f66d1.js:235:534017
42137/t.Icon@https://dqpnq362acqdi.cloudfront.net/_next/static/chunks/pages/_app-6e4ba140028f66d1.js:235:139413
ld@https://dqpnq362acqdi.cloudfront.net/_next/static/chunks/framework-a3e0a528d633d461.js:25:58402
od@https://dqpnq362acqdi.cloudfront.net/_next/static/chunks/framework-a3e0a528d633d461.js:25:72732
i@https://dqpnq362acqdi.cloudfront.net/_next/static/chunks/framework-a3e0a528d633d461.js:25:120264
uI@https://dqpnq362acqdi.cloudfront.net/_next/static/chunks/framework-a31733462992158	Marionette	INFO	Stopped listening on port 62823
Dynamically enable window occlusion 1
console.error: "Could not download new icon" ({})
console.error: services.settings: 
  Message: NetworkError: Network error: TypeError: NetworkError: Network request failed
  Stack:
    APIError@resource://services-settings/RemoteSettingsClient.sys.mjs:107:1
NetworkError@resource://services-settings/RemoteSettingsClient.sys.mjs:111:5
_adjustedError@resource://services-settings/RemoteSettingsClient.sys.mjs:919:14
maybeSync@resource://services-settings/RemoteSettingsClient.sys.mjs:824:38

console.warn: services.settings: security-state/intermediates sync interrupted by shutdown
console.error: "Could not download new icon" ({})
console.error: "Could not download new icon" ({})
console.error: (new NetworkError("Network error: TypeError: NetworkError: Network request failed", "resource://services-settings/RemoteSettingsClient.sys.mjs", 107))
console.error: "Could not download new icon" ({})
console.error: "Could not download new icon" ({})
console.error: "Could not download new icon" ({})
console.error: "Could not download new icon" ({})
console.error: "Could not download new icon" ({})
console.error: "Could not download new icon" ({})
console.error: "Could not download new icon" ({})
console.error: "Could not download new icon" ({})
1733463040003	geckodriver	INFO	Listening on 127.0.0.1:62929
1733463043221	mozrunner::runner	INFO	Running command: "C:\\P1733463043581	mozrunner::runner	INFO	Running command: "C:\\Program Files\\Mozilla Firefox\\firefox.exe" "--marionette" "--remote-debugging-port" "62934" "--remote-allow-hosts" "localhost" "-no-remote" "-profile" "C:\\Users\\ADMINI~1\\AppData\\Local\\Temp\\rust_mozprofile1vMNW4"
console.warn: services.settings: Ignoring preference override of remote settings server
console.warn: services.settings: Allow by setting MOZ_REMOTE_SETTINGS_DEVTOOLS=1 in the environment
Dynamically enable window occlusion 0
1733463044269	Marionette	INFO	Marionette enabled
1733463044442	Marionette	INFO	Listening on port 62953
WebDriver BiDi listening on ws://127.0.0.1:62934
Read port: 62953
1733463044699	RemoteAgent	WAJavaScript warning: https://d3dtw1sz7pzl52.cloudfront.net/IMDbEmbeddableStaticDistProd/2024-11-25_19-44-28/spotlight/v0.1/static/js/main.c70d1fd1.js, line 2: Script terminated by timeout at:
ke/A/f<@https://d3dtw1sz7pzl52.cloudfront.net/IMDbEmbeddableStaticDistProd/2024-11-25_19-44-28/spotlight/v0.1/static/js/main.c70d1fd1.js:2:977315
ke/A/<@https://d3dtw1sz7pzl52.cloudfront.net/IMDbEmbeddableStaticDistProd/2024-11-25_19-44-28/spotlight/v0.1/static/js/main.c70d1fd1.js:2:977450
A@https://d3dtw1sz7pzl52.cloudfront.net/IMDbEmbeddableStaticDistProd/2024-11-25_19-44-28/spotlight/v0.1/static/js/main.c70d1fd1.js:2:977999
vi@https://d3dtw1sz7pzl52.cloudfront.net/IMDbEmbeddableStaticDistProd/2024-11-25_19-44-28/spotlight/v0.1/static/js/main.c70d1fd1.js:2:808617
_c@https://d3dtw1sz7pzl52.cloudfront.net/IMDbEmbeddableStaticDistProd/2024-11-25_19-44-28/spotlight/v0.1/static/js/main.c70d1fd1.js:2:821265
Cl@https://d3dtw1sz7pzl52.cloudfront.net/IMDbEmbeddableStaticDistProd/2024-11-25_19-44-28/spotlight/v0.1/static/js/main.c70d1fd1.js:2:870331
Es@https://d3dtw1sz7pzl52.cloudfront.net/IMDbEmbeddableStaticDistProd/2024-11-25_19-44-28/spotlight/v0.1/static/js/main.c70d1fd1.js:2:857376
gs@https://d3dtw1sz7pzl52.cloudfront.net/IMDbEmbeddableStaticDistProd/2024-11-25_19-44-28/spotlight/v0.1/static/js/main.c70d1fd1.js:2:857304
vs@https://d3dtw1sz7pzl52.cloudfront.net/IMDbEmbeddableStaticDistProd/2024-11-25_19-44-28/spotlight/v0.1/static/js/main.c70d1fd1.js:2:857165
as@https://d3dtw1sz7pzl52.cloudfront.net/IMDbEmbeddableStaticDistProd/2024-11-25_19-44-28/spotlight/v0.1/static/js/main.c70d1fd1.js:2:852269
y@https://d3dtw1sz7pzl52.cloudfront.net/IMDbEmbeddableStaticDistProd/2024-11-25_19-44-28/spotlight/v0.1/static/js/main.c70d1fd1.js:2:942544
P@https://d3dtw1sz7pzl52.cloudfront.net/IMDbEmbeddableStaticDistProd/2024-11-25_19-44-28/spotlight/v0.1/static/js/main.c70d1fd1.js:2:943077

Marionette threw an error: TypeError: browsingContext.currentWindowGlobal is null
getMarionetteCommandsActorProxy/get/<@chrome://remote/content/marionette/actors/MarionetteCommandsParent.sys.mjs:544:17
observe@resource://gre/modules/AsyncShutdown.sys.mjs:569:17

console.error: "Marionette threw an error: TypeError: browsingContext.currentWindowGlobal is null\ngetMarionetteCommandsActorProxy/get/<@chrome://remote/content/marionette/actors/MarionetteCommandsParent.sys.mjs:544:17\nobserve@resource://gre/modules/AsyncShutdown.sys.mjs:569:17\n"
1733463052059	Marionette	INFO	Stopped listening on port 62946
Dynamically enable window occlusion 1
1733463059948	geckodriver	INFO	Listening on 127.0.0.1:63040
1733463063007	mozrunner::runner	INFO	Running command: "C:\\Program Files\\Mozilla Firefox\\firefox.exe" "--marionette" "--remote-debugging-port" "63041" "--remote-allow-hosts" "localhost" "-no-remote" "-profile" "C:\\Users\\ADMINI~1\\AppData\\Local\\Temp\\rust_mozprofile4N9BSQ"
console.warn: services.settings: Ignoring preference override of remote settings server
console.warn: services.settings: Allow by setting MOZ_REMOTE_SETTINGS_DEVTOOLS=1 in the environment
Dynamically enable window occlusion 0
1733463063464	Marionette	INFO	Marionette enabled
1733463063626	Marionette	INFO	Listening on port 63048
WebDriver BiDi listening on ws://127.0.0.1:63041
Read port: 63048
1733463063865	RemoteAgent	WARN	TLS certificate errors will be ignored for this session
1733463070936	Marionette	WARN	Ignoring event 'DOMContentLoaded' because document has an invalid readyState of 'loading'.
1733463070950	Marionette	WARN	Ignoring event 'DOMContentLoaded' because document has an invalid readyState of 'complete'.
1733463094817	Marionette	INFO	Stopped listening on port 63048
JavaScript warning: https://dqpnq362acqdi.cloudfront.net/_next/static/chunks/pages/_app-6e4ba140028f66d1.js, line 235: Script terminated by timeout at:
58471/t.filterDataAttributes@https://dqpnq362acqdi.cloudfront.net/_next/static/chunks/pages/_app-6e4ba140028f66d1.js:235:529948
15098/t.Slate@https://dqpnq362acqdi.cloudfront.net/_next/static/chunks/pages/_app-6e4ba140028f66d1.js:235:354249
ld@https://dqpnq362acqdi.cloudfront.net/_next/static/chunks/framework-a3e0a528d633d461.js:25:58402
od@https://dqpnq362acqdi.cloudfront.net/_next/static/chunks/framework-a3e0a528d633d461.js:25:72732
i@https://dqpnq362acqdi.cloudfront.net/_next/static/chunks/framework-a3e0a528d633d461.js:25:120264
uI@https://dqpnq362acqdi.cloudfront.net/_next/static/chunks/framework-a3e0a528d633d461.js:25:99021
52967/uM/<@https://dqpnq362acqdi.cloudfront.net/_next/static/chunks/framework-a3e0a528d633d461.js:25:98889
uM@https://dqpnq362acqdi.cloudfront.net/_next/static/chunks/framework-a3e0a528d633d461.js:25:98894
uS@https://dqpnq362acqdi.cloudfront.net/_next/static/chunks/framework-a3e0a528d633d461.js:25:93933
x@https://dqpnq362acqdi.cloudfront.net/_next/static/chunks/framework-a3e0a528d633d461.js:33:1365
R@https://dqpnq362acqdi.cloudfront.net/_next/static/chunks/framework-a3e0a528d633d461.js:33:1894

Dynamically enable window occlusion 1
console.warn: services.settings: main/fxmonitor-breaches sync interrupted by shutdown
console.warn: services.settings: main/addons-manager-settings sync interrupted by shutdown
console.warn: services.settings: main/query-stripping sync interrupted by shutdown
console.warn: services.settings: main/partitioning-exempt-urls sync interrupted by shutdown
console.error: "Could not download new icon" ({})
console.warn: services.settings: main/search-config-overrides-v2 sync interrupted by shutdown
console.error: "Could not download new icon" ({})
console.error: "Could not download new icon" ({})
console.warn: services.settings: main/fingerprinting-protection-overrides sync interrupted by shutdown
console.error: "Could not download new icon" ({})
console.warn: services.settings: main/top-sites sync interrupted by shutdown
console.warn: services.settings: main/translations-models sync interrupted by shutdown
console.warn: services.settings: main/search-config-v2 sync interrupted by shutdown
console.error: "Could not download new icon" ({})
console.error: "Could not download new icon" ({})
console.error: "Could not download new icon" ({})
console.warn: services.settings: main/devtools-compatibility-browsers sync interrupted by shutdown
console.error: "Could not download new icon" ({})
console.error: "Could not download new icon" ({})
console.warn: services.settings: security-state/cert-revocations sync interrupted by shutdown
console.warn: services.settings: security-state/onecrl sync interrupted by shutdown
console.warn: services.settings: security-state/intermediates sync interrupted by shutdown
console.error: "Could not download new icon" ({})
console.error: "Could not download new icon" ({})
console.error: "Could not download new icon" ({})
console.error: "Could not download new icon" ({})
console.error: "Could not download new icon" ({})
console.error: "Could not download new icon" ({})
console.error: "Could not download new icon" ({})
console.error: "Could not download new icon" ({})
console.error: "Could not download new icon" ({})
console.error: "Could not download new icon" ({})
console.error: "Could not download new icon" ({})
console.error: "Could not download new icon" ({})
console.error: "Could not download new icon" ({})
console.error: "Could not download new icon" ({})
1733463150302	geckodriver	INFO	Listening on 127.0.0.1:63126
1733463153367	mozrunner::runner	INFO	Running command: "C:\\Program Files\\Mozilla Firefox\\firefox.exe" "--marionette" "--remote-debugging-port" "63127" "--remote-allow-hosts" "localhost" "-no-remote" "-profile" "C:\\Users\\ADMINI~1\\AppData\\Local\\Temp\\rust_mozprofile2tEc0C"
console.warn: services.settings: Ignoring preference override of remote settings server
console.warn: services.settings: Allow by setting MOZ_REMOTE_SETTINGS_DEVTOOLS=1 in the environment
Dynamically enable window occlusion 0
1733463153743	Marionette	INFO	Marionette enabled
1733463153881	Marionette	INFO	Listening on port 63135
WebDriver BiDi listening on ws://127.0.0.1:63127
Read port: 63135
1733463154068	RemoteAgent	WARN	TLS certificate errors will be ignored for this session
1733463161056	Marionette	WARN	Ignoring event 'DOMContentLoaded' because document has an invalid readyState of 'complete'.
1733463161058	Marionette	WARN	Ignoring event 'DOMContentLoaded' because document has an invalid readyState of 'loading'.
1733463161059	Marionette	WARN	Ignoring event 'DOMContentLoaded' because document has an invalid readyState of 'loading'.
1733463184562	Marionette	INFO	Stopped listening on port 63135
Dynamically enable window occlusion 1
console.error: "Could not download new icon" ({})
console.error: "Could not download new icon" ({})
console.error: "Could not download new icon" ({})
console.error: "Could not download new icon" ({})
console.error: "Could not download new icon" ({})
console.error: "Could not download new icon" ({})
console.error: "Could not download new icon" ({})
console.error: "Could not download new icon" ({})
console.error: "Could not download new icon" ({})
console.error: "Could not download new icon" ({})
console.error: "Could not download new icon" ({})
console.error: "Could not download new icon" ({})
console.error: "Could not download new icon" ({})
console.error: "Could not download new icon" ({})
console.error: "Could not download new icon" ({})
console.error: "Could not download new icon" ({})
console.error: "Could not download new icon" ({})
console.error: "Could not download new icon" ({})
console.error: "Could not download new icon" ({})
console.error: "Could not download new icon" ({})
console.error: "Could not download new icon" ({})
console.error: "Could not download new icon" ({})
console.error: "Could not download new icon" ({})
console.error: "Could not download new icon" ({})
console.error: "Could not download new icon" ({})
console.error: "Could not download new icon" ({})
console.error: "Could not download new icon" ({})
console.error: "Could not download new icon" ({})
console.error: "Could not download new icon" ({})
console.error: "Could not download new icon" ({})
console.error: "Could not download new icon" ({})
console.error: "Could not download new icon" ({})
console.error: "Could not download new icon" ({})
console.error: "Could not download new icon" ({})
console.error: "Could not download new icon" ({})
console.error: "Could not download new icon" ({})
console.error: (new AbortError("IndexedDB: main/regions getLastModified() IndexedDB:  execute() A request was aborted, for example through a call to IDBTransaction.abort.", "resource://services-settings/IDBHelpers.sys.mjs", 16))
